#
# There is insufficient memory for the Java Runtime Environment to continue.
# Native memory allocation (malloc) failed to allocate 2080336 bytes for Chunk::new
# Possible reasons:
#   The system is out of physical RAM or swap space
#   The process is running with CompressedOops enabled, and the Java Heap may be blocking the growth of the native heap
# Possible solutions:
#   Reduce memory load on the system
#   Increase physical memory or swap space
#   Check if swap backing store is full
#   Decrease Java heap size (-Xmx/-Xms)
#   Decrease number of Java threads
#   Decrease Java thread stack sizes (-Xss)
#   Set larger code cache with -XX:ReservedCodeCacheSize=
#   JVM is running with Unscaled Compressed Oops mode in which the Java heap is
#     placed in the first 4GB address space. The Java Heap base address is the
#     maximum limit for the native heap growth. Please use -XX:HeapBaseMinAddress
#     to set the Java Heap base and to place the Java Heap above 4GB virtual address.
# This output file may be truncated or incomplete.
#
#  Out of Memory Error (allocation.cpp:389), pid=8796, tid=0x0000000000001ff0
#
# JRE version: OpenJDK Runtime Environment (8.0_242-b01) (build 1.8.0_242-release-1644-b01)
# Java VM: OpenJDK 64-Bit Server VM (25.242-b01 mixed mode windows-amd64 compressed oops)
# Failed to write core dump. Minidumps are not enabled by default on client versions of Windows
#

---------------  T H R E A D  ---------------

Current thread (0x00000000181c0800):  JavaThread "C2 CompilerThread1" daemon [_thread_in_native, id=8176, stack(0x000000001a320000,0x000000001a420000)]

Stack: [0x000000001a320000,0x000000001a420000]
[error occurred during error reporting (printing stack bounds), id 0xc0000005]

Native frames: (J=compiled Java code, j=interpreted, Vv=VM code, C=native code)


Current CompileTask:
C2:  25545 18468 %     4       com.android.tools.r8.ir.regalloc.a::a @ 2154 (3992 bytes)


---------------  P R O C E S S  ---------------

Java Threads: ( => current thread )
  0x0000000021350800 JavaThread "Cache worker for Java compile cache (C:\Users\user\AndroidStudioProjects\QuizGame\.gradle\6.5\javaCompile)" [_thread_blocked, id=10676, stack(0x000000002f100000,0x000000002f200000)]
  0x0000000021354800 JavaThread "Cache worker for Java compile cache (C:\Users\user\.gradle\caches\6.5\javaCompile)" [_thread_blocked, id=4300, stack(0x000000002ee00000,0x000000002ef00000)]
  0x000000001ed16800 JavaThread "stdout" [_thread_in_native, id=5252, stack(0x000000002e700000,0x000000002e800000)]
  0x000000001ed15800 JavaThread "stderr" [_thread_in_native, id=17444, stack(0x000000002e600000,0x000000002e700000)]
  0x000000001ed0e000 JavaThread "stdout" [_thread_in_native, id=15388, stack(0x000000002e500000,0x000000002e600000)]
  0x000000001ed15000 JavaThread "stderr" [_thread_in_native, id=14252, stack(0x000000002e400000,0x000000002e500000)]
  0x000000001ed0d800 JavaThread "stdout" [_thread_in_native, id=9052, stack(0x000000002e300000,0x000000002e400000)]
  0x000000001ed14000 JavaThread "stderr" [_thread_in_native, id=3076, stack(0x000000002e200000,0x000000002e300000)]
  0x000000001ed13800 JavaThread "stdout" [_thread_in_native, id=17944, stack(0x000000002e100000,0x000000002e200000)]
  0x000000001ed11000 JavaThread "stderr" [_thread_in_native, id=16600, stack(0x000000002e000000,0x000000002e100000)]
  0x000000001ed12000 JavaThread "stdout" [_thread_in_native, id=18056, stack(0x000000002df00000,0x000000002e000000)]
  0x000000001ed12800 JavaThread "stderr" [_thread_in_native, id=15696, stack(0x000000002de00000,0x000000002df00000)]
  0x000000001ed0f800 JavaThread "stdout" [_thread_in_native, id=15352, stack(0x000000002dd00000,0x000000002de00000)]
  0x000000001ed10800 JavaThread "stderr" [_thread_in_native, id=3984, stack(0x000000002dae0000,0x000000002dbe0000)]
  0x000000001ed08000 JavaThread "pool-2-thread-1" [_thread_blocked, id=9652, stack(0x000000002dc00000,0x000000002dd00000)]
  0x000000001ed0c800 JavaThread "MarlinRenderer Disposer" daemon [_thread_blocked, id=6596, stack(0x000000002d9e0000,0x000000002dae0000)]
  0x000000001ed0c000 JavaThread "Java2D Disposer" daemon [_thread_blocked, id=3964, stack(0x000000002d8e0000,0x000000002d9e0000)]
  0x000000001ed0b000 JavaThread "WorkerExecutor Queue Thread 6" [_thread_blocked, id=3980, stack(0x000000002d5e0000,0x000000002d6e0000)]
  0x000000001ed0a800 JavaThread "WorkerExecutor Queue Thread 5" [_thread_blocked, id=17620, stack(0x000000002d4e0000,0x000000002d5e0000)]
  0x000000001ed09800 JavaThread "WorkerExecutor Queue Thread 4" [_thread_blocked, id=17320, stack(0x000000002d3e0000,0x000000002d4e0000)]
  0x000000001ed08800 JavaThread "WorkerExecutor Queue Thread 3" [_thread_blocked, id=7256, stack(0x000000002d2e0000,0x000000002d3e0000)]
  0x000000001cd64000 JavaThread "WorkerExecutor Queue Thread 2" [_thread_blocked, id=4844, stack(0x000000002d1e0000,0x000000002d2e0000)]
  0x0000000023373000 JavaThread "WorkerExecutor Queue" [_thread_blocked, id=13352, stack(0x000000002c9e0000,0x000000002cae0000)]
  0x0000000023371800 JavaThread "Cache worker for execution history cache (C:\Users\user\AndroidStudioProjects\QuizGame\.gradle\6.5\executionHistory)" [_thread_blocked, id=4276, stack(0x000000002c580000,0x000000002c680000)]
  0x000000002336e000 JavaThread "Execution worker for ':' Thread 5" [_thread_blocked, id=8080, stack(0x000000002c480000,0x000000002c580000)]
  0x0000000023370000 JavaThread "Execution worker for ':' Thread 4" [_thread_blocked, id=17608, stack(0x000000002c380000,0x000000002c480000)]
  0x0000000023371000 JavaThread "Execution worker for ':' Thread 3" [_thread_blocked, id=17592, stack(0x000000002c280000,0x000000002c380000)]
  0x0000000023372800 JavaThread "Execution worker for ':' Thread 2" [_thread_blocked, id=5600, stack(0x000000002c180000,0x000000002c280000)]
  0x000000002336d000 JavaThread "Execution worker for ':'" [_thread_blocked, id=17604, stack(0x000000002c080000,0x000000002c180000)]
  0x0000000023368800 JavaThread "Cache worker for file content cache (C:\Users\user\AndroidStudioProjects\QuizGame\.gradle\6.5\fileContent)" [_thread_blocked, id=16296, stack(0x000000002b8b0000,0x000000002b9b0000)]
  0x000000002336b800 JavaThread "Memory manager" [_thread_blocked, id=2088, stack(0x000000002af90000,0x000000002b090000)]
  0x000000002336f800 JavaThread "Cache worker for Build Output Cleanup Cache (C:\Users\user\AndroidStudioProjects\QuizGame\.gradle\buildOutputCleanup)" [_thread_blocked, id=17488, stack(0x000000002aa90000,0x000000002ab90000)]
  0x000000002336b000 JavaThread "jar transforms Thread 92" [_thread_blocked, id=10260, stack(0x000000002a4d0000,0x000000002a5d0000)]
  0x000000002336e800 JavaThread "jar transforms Thread 91" [_thread_blocked, id=9688, stack(0x000000002a3d0000,0x000000002a4d0000)]
  0x0000000023365800 JavaThread "jar transforms Thread 90" [_thread_blocked, id=11936, stack(0x000000002a2d0000,0x000000002a3d0000)]
  0x000000002336a000 JavaThread "jar transforms Thread 89" [_thread_blocked, id=16580, stack(0x000000002a1d0000,0x000000002a2d0000)]
  0x0000000023368000 JavaThread "jar transforms Thread 88" [_thread_blocked, id=7472, stack(0x000000002a0d0000,0x000000002a1d0000)]
  0x0000000023366800 JavaThread "jar transforms Thread 87" [_thread_blocked, id=15444, stack(0x0000000024c60000,0x0000000024d60000)]
  0x0000000023365000 JavaThread "jar transforms Thread 86" [_thread_blocked, id=13732, stack(0x00000000243e0000,0x00000000244e0000)]
  0x0000000023369800 JavaThread "jar transforms Thread 85" [_thread_blocked, id=7348, stack(0x00000000242e0000,0x00000000243e0000)]
  0x0000000023367000 JavaThread "jar transforms Thread 84" [_thread_blocked, id=7912, stack(0x0000000029fd0000,0x000000002a0d0000)]
  0x0000000021fab800 JavaThread "jar transforms Thread 83" [_thread_blocked, id=18012, stack(0x0000000029ed0000,0x0000000029fd0000)]
  0x0000000021fab000 JavaThread "jar transforms Thread 82" [_thread_blocked, id=7136, stack(0x0000000029dd0000,0x0000000029ed0000)]
  0x0000000021faa000 JavaThread "jar transforms Thread 81" [_thread_blocked, id=16184, stack(0x0000000029cd0000,0x0000000029dd0000)]
  0x0000000021fa9800 JavaThread "jar transforms Thread 80" [_thread_blocked, id=17820, stack(0x0000000029bd0000,0x0000000029cd0000)]
  0x0000000021fa8000 JavaThread "jar transforms Thread 79" [_thread_blocked, id=3396, stack(0x0000000029ad0000,0x0000000029bd0000)]
  0x0000000021fae800 JavaThread "jar transforms Thread 78" [_thread_blocked, id=9624, stack(0x00000000299d0000,0x0000000029ad0000)]
  0x0000000021fad000 JavaThread "jar transforms Thread 77" [_thread_blocked, id=16308, stack(0x00000000298d0000,0x00000000299d0000)]
  0x0000000021fae000 JavaThread "jar transforms Thread 76" [_thread_blocked, id=472, stack(0x00000000297d0000,0x00000000298d0000)]
  0x0000000021fac800 JavaThread "jar transforms Thread 75" [_thread_blocked, id=14644, stack(0x00000000296d0000,0x00000000297d0000)]
  0x0000000021fa2000 JavaThread "jar transforms Thread 74" [_thread_blocked, id=17092, stack(0x00000000295d0000,0x00000000296d0000)]
  0x0000000021fa3800 JavaThread "jar transforms Thread 73" [_thread_blocked, id=17932, stack(0x00000000294d0000,0x00000000295d0000)]
  0x0000000021fa8800 JavaThread "jar transforms Thread 72" [_thread_blocked, id=12260, stack(0x00000000293d0000,0x00000000294d0000)]
  0x0000000021fa7000 JavaThread "jar transforms Thread 71" [_thread_blocked, id=16776, stack(0x00000000292d0000,0x00000000293d0000)]
  0x0000000021fa4000 JavaThread "jar transforms Thread 70" [_thread_blocked, id=6700, stack(0x00000000291d0000,0x00000000292d0000)]
  0x0000000021fa0800 JavaThread "jar transforms Thread 69" [_thread_blocked, id=13404, stack(0x00000000290d0000,0x00000000291d0000)]
  0x0000000021fa5800 JavaThread "jar transforms Thread 68" [_thread_blocked, id=9300, stack(0x0000000028fd0000,0x00000000290d0000)]
  0x0000000021fa1000 JavaThread "jar transforms Thread 67" [_thread_blocked, id=12776, stack(0x0000000028ed0000,0x0000000028fd0000)]
  0x0000000021fa5000 JavaThread "jar transforms Thread 66" [_thread_blocked, id=13416, stack(0x0000000028dd0000,0x0000000028ed0000)]
  0x0000000021fa6800 JavaThread "jar transforms Thread 65" [_thread_blocked, id=17808, stack(0x0000000028cd0000,0x0000000028dd0000)]
  0x0000000021f9f800 JavaThread "jar transforms Thread 64" [_thread_blocked, id=16584, stack(0x0000000028bd0000,0x0000000028cd0000)]
  0x0000000021fa2800 JavaThread "jar transforms Thread 63" [_thread_blocked, id=13620, stack(0x0000000028ad0000,0x0000000028bd0000)]
  0x000000001ea57800 JavaThread "jar transforms Thread 62" [_thread_blocked, id=15880, stack(0x00000000289d0000,0x0000000028ad0000)]
  0x000000001ea56800 JavaThread "jar transforms Thread 61" [_thread_blocked, id=13076, stack(0x00000000288d0000,0x00000000289d0000)]
  0x000000001ea52000 JavaThread "jar transforms Thread 60" [_thread_blocked, id=12696, stack(0x00000000287d0000,0x00000000288d0000)]
  0x000000001ea56000 JavaThread "jar transforms Thread 59" [_thread_blocked, id=2412, stack(0x00000000286d0000,0x00000000287d0000)]
  0x000000001ea50000 JavaThread "jar transforms Thread 58" [_thread_blocked, id=16852, stack(0x00000000285d0000,0x00000000286d0000)]
  0x000000001ea50800 JavaThread "jar transforms Thread 57" [_thread_blocked, id=15604, stack(0x00000000284d0000,0x00000000285d0000)]
  0x000000001ea55000 JavaThread "jar transforms Thread 56" [_thread_blocked, id=5380, stack(0x00000000283d0000,0x00000000284d0000)]
  0x000000001ea51800 JavaThread "jar transforms Thread 55" [_thread_blocked, id=14240, stack(0x00000000282d0000,0x00000000283d0000)]
  0x000000001ea53000 JavaThread "jar transforms Thread 54" [_thread_blocked, id=14248, stack(0x00000000281d0000,0x00000000282d0000)]
  0x000000001ea54800 JavaThread "jar transforms Thread 53" [_thread_blocked, id=15720, stack(0x00000000280d0000,0x00000000281d0000)]
  0x000000001ea53800 JavaThread "jar transforms Thread 52" [_thread_blocked, id=1888, stack(0x0000000027fd0000,0x00000000280d0000)]
  0x000000001ea48800 JavaThread "jar transforms Thread 51" [_thread_blocked, id=16668, stack(0x0000000027ed0000,0x0000000027fd0000)]
  0x000000001ea4b800 JavaThread "jar transforms Thread 50" [_thread_blocked, id=13564, stack(0x0000000027dd0000,0x0000000027ed0000)]
  0x000000001ea4e800 JavaThread "jar transforms Thread 49" [_thread_blocked, id=12516, stack(0x0000000027cd0000,0x0000000027dd0000)]
  0x000000001ea4c000 JavaThread "jar transforms Thread 48" [_thread_blocked, id=11360, stack(0x0000000027bd0000,0x0000000027cd0000)]
  0x000000001ea4f000 JavaThread "jar transforms Thread 47" [_thread_blocked, id=14148, stack(0x0000000027ad0000,0x0000000027bd0000)]
  0x000000001ea49000 JavaThread "jar transforms Thread 46" [_thread_blocked, id=16500, stack(0x00000000279d0000,0x0000000027ad0000)]
  0x000000001ea4d800 JavaThread "jar transforms Thread 45" [_thread_blocked, id=11552, stack(0x00000000278d0000,0x00000000279d0000)]
  0x000000001ea4a800 JavaThread "jar transforms Thread 44" [_thread_blocked, id=4056, stack(0x00000000277d0000,0x00000000278d0000)]
  0x000000001ea4a000 JavaThread "jar transforms Thread 43" [_thread_blocked, id=6316, stack(0x00000000276d0000,0x00000000277d0000)]
  0x000000001ea4d000 JavaThread "jar transforms Thread 42" [_thread_blocked, id=15216, stack(0x00000000275d0000,0x00000000276d0000)]
  0x000000001bcca800 JavaThread "jar transforms Thread 41" [_thread_blocked, id=3308, stack(0x00000000274d0000,0x00000000275d0000)]
  0x000000001bcce800 JavaThread "jar transforms Thread 40" [_thread_blocked, id=1816, stack(0x00000000273d0000,0x00000000274d0000)]
  0x000000001bcca000 JavaThread "jar transforms Thread 39" [_thread_blocked, id=1036, stack(0x00000000272d0000,0x00000000273d0000)]
  0x000000001bcc9000 JavaThread "jar transforms Thread 38" [_thread_blocked, id=14984, stack(0x00000000271d0000,0x00000000272d0000)]
  0x000000001bcd0000 JavaThread "jar transforms Thread 37" [_thread_blocked, id=18308, stack(0x00000000270d0000,0x00000000271d0000)]
  0x000000001bccf000 JavaThread "jar transforms Thread 36" [_thread_blocked, id=17576, stack(0x0000000026fd0000,0x00000000270d0000)]
  0x000000001bccd000 JavaThread "jar transforms Thread 35" [_thread_blocked, id=16096, stack(0x0000000026ed0000,0x0000000026fd0000)]
  0x000000001bccc000 JavaThread "jar transforms Thread 34" [_thread_blocked, id=13864, stack(0x0000000026dd0000,0x0000000026ed0000)]
  0x000000001bccb800 JavaThread "jar transforms Thread 33" [_thread_blocked, id=10948, stack(0x0000000026cd0000,0x0000000026dd0000)]
  0x000000001bccd800 JavaThread "jar transforms Thread 32" [_thread_blocked, id=12124, stack(0x0000000026bd0000,0x0000000026cd0000)]
  0x000000001bc44800 JavaThread "jar transforms Thread 31" [_thread_blocked, id=5736, stack(0x0000000026ad0000,0x0000000026bd0000)]
  0x000000001bc43800 JavaThread "jar transforms Thread 30" [_thread_blocked, id=13840, stack(0x00000000269d0000,0x0000000026ad0000)]
  0x000000001bc4a800 JavaThread "jar transforms Thread 29" [_thread_blocked, id=6796, stack(0x00000000268d0000,0x00000000269d0000)]
  0x000000001bc48000 JavaThread "jar transforms Thread 28" [_thread_blocked, id=18240, stack(0x00000000267d0000,0x00000000268d0000)]
  0x000000001bc47800 JavaThread "jar transforms Thread 27" [_thread_blocked, id=12316, stack(0x00000000266d0000,0x00000000267d0000)]
  0x000000001bc46800 JavaThread "jar transforms Thread 26" [_thread_blocked, id=10852, stack(0x00000000265d0000,0x00000000266d0000)]
  0x000000001bc45000 JavaThread "jar transforms Thread 25" [_thread_blocked, id=17524, stack(0x00000000264d0000,0x00000000265d0000)]
  0x000000001bc49000 JavaThread "jar transforms Thread 24" [_thread_blocked, id=6992, stack(0x00000000263d0000,0x00000000264d0000)]
  0x000000001bc46000 JavaThread "jar transforms Thread 23" [_thread_blocked, id=9788, stack(0x00000000262d0000,0x00000000263d0000)]
  0x000000001bc49800 JavaThread "jar transforms Thread 22" [_thread_blocked, id=7464, stack(0x00000000261d0000,0x00000000262d0000)]
  0x000000001f2f1000 JavaThread "jar transforms Thread 21" [_thread_blocked, id=18216, stack(0x00000000260d0000,0x00000000261d0000)]
  0x000000001f2ee800 JavaThread "jar transforms Thread 20" [_thread_blocked, id=18392, stack(0x0000000025fd0000,0x00000000260d0000)]
  0x000000001f2f0000 JavaThread "jar transforms Thread 19" [_thread_blocked, id=6668, stack(0x0000000025ed0000,0x0000000025fd0000)]
  0x000000001f2ef800 JavaThread "jar transforms Thread 18" [_thread_blocked, id=13672, stack(0x0000000025dd0000,0x0000000025ed0000)]
  0x000000001f2f1800 JavaThread "jar transforms Thread 17" [_thread_blocked, id=15648, stack(0x0000000025cd0000,0x0000000025dd0000)]
  0x000000001f2ee000 JavaThread "jar transforms Thread 16" [_thread_blocked, id=15364, stack(0x0000000025bd0000,0x0000000025cd0000)]
  0x000000001f2ed000 JavaThread "jar transforms Thread 15" [_thread_blocked, id=18032, stack(0x0000000025ad0000,0x0000000025bd0000)]
  0x000000001f2e5800 JavaThread "jar transforms Thread 14" [_thread_blocked, id=7232, stack(0x00000000259d0000,0x0000000025ad0000)]
  0x000000001f2ec800 JavaThread "jar transforms Thread 13" [_thread_blocked, id=11432, stack(0x00000000258d0000,0x00000000259d0000)]
  0x000000001f2e5000 JavaThread "jar transforms Thread 12" [_thread_blocked, id=6332, stack(0x00000000257d0000,0x00000000258d0000)]
  0x000000001f2eb800 JavaThread "jar transforms Thread 11" [_thread_blocked, id=18016, stack(0x00000000256d0000,0x00000000257d0000)]
  0x000000001f2e4000 JavaThread "jar transforms Thread 10" [_thread_blocked, id=10144, stack(0x00000000255d0000,0x00000000256d0000)]
  0x000000001f2eb000 JavaThread "jar transforms Thread 9" [_thread_blocked, id=15416, stack(0x00000000254d0000,0x00000000255d0000)]
  0x000000001f2ea000 JavaThread "jar transforms Thread 8" [_thread_blocked, id=13400, stack(0x00000000253d0000,0x00000000254d0000)]
  0x000000001f2e3800 JavaThread "jar transforms Thread 7" [_thread_blocked, id=9724, stack(0x00000000252d0000,0x00000000253d0000)]
  0x000000001f2e8000 JavaThread "jar transforms Thread 6" [_thread_blocked, id=14232, stack(0x00000000250d0000,0x00000000251d0000)]
  0x000000001f2e2800 JavaThread "jar transforms Thread 5" [_thread_blocked, id=2000, stack(0x0000000024fd0000,0x00000000250d0000)]
  0x000000001f2e8800 JavaThread "jar transforms Thread 4" [_thread_blocked, id=10000, stack(0x0000000024ed0000,0x0000000024fd0000)]
  0x000000001f2e9800 JavaThread "jar transforms Thread 3" [_thread_blocked, id=17132, stack(0x0000000024dd0000,0x0000000024ed0000)]
  0x000000001f2e7000 JavaThread "jar transforms Thread 2" [_thread_blocked, id=11132, stack(0x0000000024500000,0x0000000024600000)]
  0x000000001f2e6800 JavaThread "Build operations Thread 6" [_thread_blocked, id=8288, stack(0x0000000024b60000,0x0000000024c60000)]
  0x000000001cd62800 JavaThread "Build operations Thread 5" [_thread_blocked, id=3648, stack(0x0000000024a60000,0x0000000024b60000)]
  0x000000001cd61000 JavaThread "Build operations Thread 4" [_thread_blocked, id=15252, stack(0x0000000024960000,0x0000000024a60000)]
  0x000000001cd63800 JavaThread "Build operations Thread 3" [_thread_blocked, id=17516, stack(0x0000000024860000,0x0000000024960000)]
  0x000000001cd62000 JavaThread "Build operations Thread 2" [_thread_blocked, id=17708, stack(0x0000000024760000,0x0000000024860000)]
  0x000000001cd68000 JavaThread "Build operations" [_thread_in_Java, id=17640, stack(0x0000000024660000,0x0000000024760000)]
  0x000000001c672000 JavaThread "Cache worker for file content cache (C:\Users\user\.gradle\caches\6.5\fileContent)" [_thread_blocked, id=5020, stack(0x0000000022c10000,0x0000000022d10000)]
  0x000000001c675800 JavaThread "jar transforms" [_thread_blocked, id=9376, stack(0x0000000022b10000,0x0000000022c10000)]
  0x000000001c675000 JavaThread "Cache worker for execution history cache (C:\Users\user\.gradle\caches\6.5\executionHistory)" [_thread_blocked, id=4592, stack(0x0000000020ae0000,0x0000000020be0000)]
  0x000000001c670800 JavaThread "Cache worker for cache directory md-rule (C:\Users\user\.gradle\caches\6.5\md-rule)" [_thread_blocked, id=16708, stack(0x00000000209e0000,0x0000000020ae0000)]
  0x000000001c676800 JavaThread "Cache worker for cache directory md-supplier (C:\Users\user\.gradle\caches\6.5\md-supplier)" [_thread_blocked, id=9560, stack(0x0000000022610000,0x0000000022710000)]
  0x000000001c674000 JavaThread "Cache worker for checksums cache (C:\Users\user\AndroidStudioProjects\QuizGame\.gradle\checksums)" [_thread_blocked, id=13648, stack(0x0000000022510000,0x0000000022610000)]
  0x000000001c673800 JavaThread "Cache worker for file hash cache (C:\Users\user\AndroidStudioProjects\QuizGame\.gradle\6.5\fileHashes)" [_thread_blocked, id=9924, stack(0x0000000020c90000,0x0000000020d90000)]
  0x000000001c672800 JavaThread "Cache worker for file hash cache (C:\Users\user\.gradle\caches\6.5\fileHashes)" [_thread_blocked, id=528, stack(0x000000001e740000,0x000000001e840000)]
  0x000000001c671000 JavaThread "File lock request listener" [_thread_in_native, id=9340, stack(0x000000001e640000,0x000000001e740000)]
  0x000000001c376800 JavaThread "Cache worker for journal cache (C:\Users\user\.gradle\caches\journal-1)" [_thread_blocked, id=4268, stack(0x000000001e540000,0x000000001e640000)]
  0x000000001c2ed800 JavaThread "Thread-9" [_thread_blocked, id=7508, stack(0x000000001e240000,0x000000001e340000)]
  0x000000001c2e7800 JavaThread "Stdin handler" [_thread_blocked, id=260, stack(0x000000001e140000,0x000000001e240000)]
  0x000000001c311000 JavaThread "Asynchronous log dispatcher for DefaultDaemonConnection: socket connection from /127.0.0.1:57997 to /127.0.0.1:57998" [_thread_blocked, id=11444, stack(0x000000001e040000,0x000000001e140000)]
  0x000000001c2ef800 JavaThread "Daemon worker" [_thread_blocked, id=10584, stack(0x000000001df40000,0x000000001e040000)]
  0x000000001c2e6000 JavaThread "Cancel handler" [_thread_blocked, id=15676, stack(0x000000001de40000,0x000000001df40000)]
  0x000000001c2ce000 JavaThread "Handler for socket connection from /127.0.0.1:57997 to /127.0.0.1:57998" [_thread_in_native, id=1548, stack(0x000000001dd40000,0x000000001de40000)]
  0x000000001c2cd000 JavaThread "Daemon" [_thread_blocked, id=13224, stack(0x000000001dc40000,0x000000001dd40000)]
  0x000000001c2b1800 JavaThread "Daemon periodic checks" [_thread_blocked, id=14980, stack(0x000000001d940000,0x000000001da40000)]
  0x000000001c25a000 JavaThread "Incoming local TCP Connector on port 57997" [_thread_in_native, id=9100, stack(0x000000001d700000,0x000000001d800000)]
  0x000000001c1f9800 JavaThread "Daemon health stats" [_thread_blocked, id=8156, stack(0x000000001d0c0000,0x000000001d1c0000)]
  0x0000000019cdd800 JavaThread "Service Thread" daemon [_thread_blocked, id=12936, stack(0x000000001a520000,0x000000001a620000)]
  0x00000000181c3000 JavaThread "C1 CompilerThread2" daemon [_thread_blocked, id=17692, stack(0x000000001a420000,0x000000001a520000)]
=>0x00000000181c0800 JavaThread "C2 CompilerThread1" daemon [_thread_in_native, id=8176, stack(0x000000001a320000,0x000000001a420000)]
  0x00000000181be800 JavaThread "C2 CompilerThread0" daemon [_thread_in_native, id=1184, stack(0x000000001a220000,0x000000001a320000)]
  0x00000000181ba000 JavaThread "Attach Listener" daemon [_thread_blocked, id=868, stack(0x000000001a120000,0x000000001a220000)]
  0x0000000019c63800 JavaThread "Signal Dispatcher" daemon [_thread_blocked, id=13916, stack(0x000000001a020000,0x000000001a120000)]
  0x000000000334c000 JavaThread "Finalizer" daemon [_thread_blocked, id=12120, stack(0x0000000019a20000,0x0000000019b20000)]
  0x0000000003345800 JavaThread "Reference Handler" daemon [_thread_blocked, id=9388, stack(0x0000000019920000,0x0000000019a20000)]
  0x000000000197d800 JavaThread "main" [_thread_blocked, id=16044, stack(0x0000000003150000,0x0000000003250000)]

Other Threads:
  0x0000000018177000 VMThread [stack: 0x0000000019820000,0x0000000019920000] [id=7476]
  0x0000000019ce2800 WatcherThread [stack: 0x000000001a620000,0x000000001a720000] [id=10004]

VM state:not at safepoint (normal execution)

VM Mutex/Monitor currently owned by a thread: None

heap address: 0x0000000080000000, size: 2048 MB, Compressed Oops mode: 32-bit
Narrow klass base: 0x0000000000000000, Narrow klass shift: 3
Compressed class space size: 1073741824 Address: 0x0000000100000000

Heap:
 PSYoungGen      total 643584K, used 553998K [0x00000000d5580000, 0x00000000ffd80000, 0x0000000100000000)
  eden space 593920K, 91% used [0x00000000d5580000,0x00000000f68783c8,0x00000000f9980000)
  from space 49664K, 20% used [0x00000000fcd00000,0x00000000fd70b4c0,0x00000000ffd80000)
  to   space 51200K, 0% used [0x00000000f9980000,0x00000000f9980000,0x00000000fcb80000)
 ParOldGen       total 324096K, used 193608K [0x0000000080000000, 0x0000000093c80000, 0x00000000d5580000)
  object space 324096K, 59% used [0x0000000080000000,0x000000008bd12220,0x0000000093c80000)
 Metaspace       used 96471K, capacity 101260K, committed 102056K, reserved 1136640K
  class space    used 12730K, capacity 13639K, committed 14000K, reserved 1048576K

Card table byte_map: [0x0000000012710000,0x0000000012b20000] byte_map_base: 0x0000000012310000

Marking Bits: (ParMarkBitMap*) 0x00000000574cf030
 Begin Bits: [0x00000000133d0000, 0x00000000153d0000)
 End Bits:   [0x00000000153d0000, 0x00000000173d0000)

Polling page: 0x0000000001350000

CodeCache: size=245760Kb used=54118Kb max_used=54118Kb free=191641Kb
 bounds [0x0000000003350000, 0x0000000006870000, 0x0000000012350000]
 total_blobs=16484 nmethods=15463 adapters=931
 compilation: enabled

Compilation events (10 events):
Event: 25.468 Thread 0x00000000181c3000 18781       2       org.gradle.api.internal.artifacts.transform.DefaultTransformerInvocationFactory$TransformerExecution$$Lambda$650/2085885315::apply (24 bytes)
Event: 25.468 Thread 0x00000000181c3000 nmethod 18781 0x00000000068603d0 code [0x0000000006860540, 0x0000000006860708]
Event: 25.468 Thread 0x00000000181c3000 18782       2       org.gradle.api.internal.artifacts.transform.DefaultTransformerInvocationFactory$TransformerExecution::lambda$writeResultsFile$0 (150 bytes)
Event: 25.469 Thread 0x00000000181c3000 nmethod 18782 0x0000000006860810 code [0x0000000006860ae0, 0x00000000068616e8]
Event: 25.476 Thread 0x00000000181c3000 18783       2       java.util.BitSet::<init> (26 bytes)
Event: 25.476 Thread 0x00000000181c3000 nmethod 18783 0x0000000006862290 code [0x00000000068623e0, 0x00000000068625f0]
Event: 25.483 Thread 0x00000000181c3000 18784       2       com.android.tools.r8.s.b.e1::a (11 bytes)
Event: 25.483 Thread 0x00000000181c3000 nmethod 18784 0x0000000006862690 code [0x0000000006862800, 0x00000000068629b0]
Event: 25.536 Thread 0x00000000181c3000 18786       2       com.android.tools.r8.code.P2::q (10 bytes)
Event: 25.536 Thread 0x00000000181c3000 nmethod 18786 0x0000000006862b50 code [0x0000000006862ca0, 0x0000000006862df0]

GC Heap History (10 events):
Event: 21.387 GC heap before
{Heap before GC invocations=20 (full 4):
 PSYoungGen      total 622592K, used 576273K [0x00000000d5580000, 0x0000000100000000, 0x0000000100000000)
  eden space 559616K, 100% used [0x00000000d5580000,0x00000000f7800000,0x00000000f7800000)
  from space 62976K, 26% used [0x00000000f7800000,0x00000000f8844478,0x00000000fb580000)
  to   space 60928K, 0% used [0x00000000fc480000,0x00000000fc480000,0x0000000100000000)
 ParOldGen       total 324096K, used 138328K [0x0000000080000000, 0x0000000093c80000, 0x00000000d5580000)
  object space 324096K, 42% used [0x0000000080000000,0x00000000887162c0,0x0000000093c80000)
 Metaspace       used 96171K, capacity 101044K, committed 101800K, reserved 1136640K
  class space    used 12729K, capacity 13637K, committed 14000K, reserved 1048576K
Event: 21.410 GC heap after
Heap after GC invocations=20 (full 4):
 PSYoungGen      total 629760K, used 16642K [0x00000000d5580000, 0x00000000ffa00000, 0x0000000100000000)
  eden space 574976K, 0% used [0x00000000d5580000,0x00000000d5580000,0x00000000f8700000)
  from space 54784K, 30% used [0x00000000fc480000,0x00000000fd4c0938,0x00000000ffa00000)
  to   space 58880K, 0% used [0x00000000f8700000,0x00000000f8700000,0x00000000fc080000)
 ParOldGen       total 324096K, used 148344K [0x0000000080000000, 0x0000000093c80000, 0x00000000d5580000)
  object space 324096K, 45% used [0x0000000080000000,0x00000000890de3d0,0x0000000093c80000)
 Metaspace       used 96171K, capacity 101044K, committed 101800K, reserved 1136640K
  class space    used 12729K, capacity 13637K, committed 14000K, reserved 1048576K
}
Event: 22.132 GC heap before
{Heap before GC invocations=21 (full 4):
 PSYoungGen      total 629760K, used 591618K [0x00000000d5580000, 0x00000000ffa00000, 0x0000000100000000)
  eden space 574976K, 100% used [0x00000000d5580000,0x00000000f8700000,0x00000000f8700000)
  from space 54784K, 30% used [0x00000000fc480000,0x00000000fd4c0938,0x00000000ffa00000)
  to   space 58880K, 0% used [0x00000000f8700000,0x00000000f8700000,0x00000000fc080000)
 ParOldGen       total 324096K, used 148344K [0x0000000080000000, 0x0000000093c80000, 0x00000000d5580000)
  object space 324096K, 45% used [0x0000000080000000,0x00000000890de3d0,0x0000000093c80000)
 Metaspace       used 96270K, capacity 101120K, committed 101800K, reserved 1136640K
  class space    used 12730K, capacity 13639K, committed 14000K, reserved 1048576K
Event: 22.170 GC heap after
Heap after GC invocations=21 (full 4):
 PSYoungGen      total 633856K, used 24075K [0x00000000d5580000, 0x00000000ffd00000, 0x0000000100000000)
  eden space 574976K, 0% used [0x00000000d5580000,0x00000000d5580000,0x00000000f8700000)
  from space 58880K, 40% used [0x00000000f8700000,0x00000000f9e82df8,0x00000000fc080000)
  to   space 55296K, 0% used [0x00000000fc700000,0x00000000fc700000,0x00000000ffd00000)
 ParOldGen       total 324096K, used 155307K [0x0000000080000000, 0x0000000093c80000, 0x00000000d5580000)
  object space 324096K, 47% used [0x0000000080000000,0x00000000897aaf50,0x0000000093c80000)
 Metaspace       used 96270K, capacity 101120K, committed 101800K, reserved 1136640K
  class space    used 12730K, capacity 13639K, committed 14000K, reserved 1048576K
}
Event: 22.842 GC heap before
{Heap before GC invocations=22 (full 4):
 PSYoungGen      total 633856K, used 599051K [0x00000000d5580000, 0x00000000ffd00000, 0x0000000100000000)
  eden space 574976K, 100% used [0x00000000d5580000,0x00000000f8700000,0x00000000f8700000)
  from space 58880K, 40% used [0x00000000f8700000,0x00000000f9e82df8,0x00000000fc080000)
  to   space 55296K, 0% used [0x00000000fc700000,0x00000000fc700000,0x00000000ffd00000)
 ParOldGen       total 324096K, used 155307K [0x0000000080000000, 0x0000000093c80000, 0x00000000d5580000)
  object space 324096K, 47% used [0x0000000080000000,0x00000000897aaf50,0x0000000093c80000)
 Metaspace       used 96303K, capacity 101184K, committed 101800K, reserved 1136640K
  class space    used 12730K, capacity 13639K, committed 14000K, reserved 1048576K
Event: 22.901 GC heap after
Heap after GC invocations=22 (full 4):
 PSYoungGen      total 634368K, used 20491K [0x00000000d5580000, 0x00000000ff780000, 0x0000000100000000)
  eden space 584704K, 0% used [0x00000000d5580000,0x00000000d5580000,0x00000000f9080000)
  from space 49664K, 41% used [0x00000000fc700000,0x00000000fdb02f00,0x00000000ff780000)
  to   space 52736K, 0% used [0x00000000f9080000,0x00000000f9080000,0x00000000fc400000)
 ParOldGen       total 324096K, used 168655K [0x0000000080000000, 0x0000000093c80000, 0x00000000d5580000)
  object space 324096K, 52% used [0x0000000080000000,0x000000008a4b3ea0,0x0000000093c80000)
 Metaspace       used 96303K, capacity 101184K, committed 101800K, reserved 1136640K
  class space    used 12730K, capacity 13639K, committed 14000K, reserved 1048576K
}
Event: 23.928 GC heap before
{Heap before GC invocations=23 (full 4):
 PSYoungGen      total 634368K, used 605195K [0x00000000d5580000, 0x00000000ff780000, 0x0000000100000000)
  eden space 584704K, 100% used [0x00000000d5580000,0x00000000f9080000,0x00000000f9080000)
  from space 49664K, 41% used [0x00000000fc700000,0x00000000fdb02f00,0x00000000ff780000)
  to   space 52736K, 0% used [0x00000000f9080000,0x00000000f9080000,0x00000000fc400000)
 ParOldGen       total 324096K, used 168655K [0x0000000080000000, 0x0000000093c80000, 0x00000000d5580000)
  object space 324096K, 52% used [0x0000000080000000,0x000000008a4b3ea0,0x0000000093c80000)
 Metaspace       used 96335K, capacity 101192K, committed 101800K, reserved 1136640K
  class space    used 12730K, capacity 13639K, committed 14000K, reserved 1048576K
Event: 23.963 GC heap after
Heap after GC invocations=23 (full 4):
 PSYoungGen      total 637440K, used 10099K [0x00000000d5580000, 0x0000000100000000, 0x0000000100000000)
  eden space 584704K, 0% used [0x00000000d5580000,0x00000000d5580000,0x00000000f9080000)
  from space 52736K, 19% used [0x00000000f9080000,0x00000000f9a5cec8,0x00000000fc400000)
  to   space 52224K, 0% used [0x00000000fcd00000,0x00000000fcd00000,0x0000000100000000)
 ParOldGen       total 324096K, used 186130K [0x0000000080000000, 0x0000000093c80000, 0x00000000d5580000)
  object space 324096K, 57% used [0x0000000080000000,0x000000008b5c48e0,0x0000000093c80000)
 Metaspace       used 96335K, capacity 101192K, committed 101800K, reserved 1136640K
  class space    used 12730K, capacity 13639K, committed 14000K, reserved 1048576K
}
Event: 24.841 GC heap before
{Heap before GC invocations=24 (full 4):
 PSYoungGen      total 637440K, used 594803K [0x00000000d5580000, 0x0000000100000000, 0x0000000100000000)
  eden space 584704K, 100% used [0x00000000d5580000,0x00000000f9080000,0x00000000f9080000)
  from space 52736K, 19% used [0x00000000f9080000,0x00000000f9a5cec8,0x00000000fc400000)
  to   space 52224K, 0% used [0x00000000fcd00000,0x00000000fcd00000,0x0000000100000000)
 ParOldGen       total 324096K, used 186130K [0x0000000080000000, 0x0000000093c80000, 0x00000000d5580000)
  object space 324096K, 57% used [0x0000000080000000,0x000000008b5c48e0,0x0000000093c80000)
 Metaspace       used 96365K, capacity 101256K, committed 102056K, reserved 1136640K
  class space    used 12730K, capacity 13639K, committed 14000K, reserved 1048576K
Event: 24.858 GC heap after
Heap after GC invocations=24 (full 4):
 PSYoungGen      total 643584K, used 10285K [0x00000000d5580000, 0x00000000ffd80000, 0x0000000100000000)
  eden space 593920K, 0% used [0x00000000d5580000,0x00000000d5580000,0x00000000f9980000)
  from space 49664K, 20% used [0x00000000fcd00000,0x00000000fd70b4c0,0x00000000ffd80000)
  to   space 51200K, 0% used [0x00000000f9980000,0x00000000f9980000,0x00000000fcb80000)
 ParOldGen       total 324096K, used 193608K [0x0000000080000000, 0x0000000093c80000, 0x00000000d5580000)
  object space 324096K, 59% used [0x0000000080000000,0x000000008bd12220,0x0000000093c80000)
 Metaspace       used 96365K, capacity 101256K, committed 102056K, reserved 1136640K
  class space    used 12730K, capacity 13639K, committed 14000K, reserved 1048576K
}

Deoptimization events (10 events):
Event: 23.541 Thread 0x000000001cd62000 Uncommon trap: reason=unstable_if action=reinterpret pc=0x0000000005d1dcbc method=com.android.tools.r8.s.b.q1.R()Z @ 26
Event: 23.707 Thread 0x000000001cd62000 Uncommon trap: reason=class_check action=maybe_recompile pc=0x0000000003c93a5c method=com.android.tools.r8.q.a.a.b.J0.k()Ljava/lang/Object; @ 4
Event: 24.504 Thread 0x000000001cd63800 Uncommon trap: reason=class_check action=maybe_recompile pc=0x000000000571535c method=com.android.tools.r8.s.a.h.e.b(Lcom/android/tools/r8/s/b/k0;)V @ 244
Event: 24.506 Thread 0x000000001cd63800 Uncommon trap: reason=class_check action=maybe_recompile pc=0x000000000571535c method=com.android.tools.r8.s.a.h.e.b(Lcom/android/tools/r8/s/b/k0;)V @ 244
Event: 24.552 Thread 0x000000001f2e6800 Uncommon trap: reason=bimorphic action=maybe_recompile pc=0x000000000679acec method=com.android.tools.r8.s.b.s1.a(Lcom/android/tools/r8/s/a/p/u;)Lcom/android/tools/r8/s/b/s1; @ 12
Event: 24.552 Thread 0x000000001f2e6800 Uncommon trap: reason=bimorphic action=maybe_recompile pc=0x00000000067e4db4 method=com.android.tools.r8.s.b.s1.a(Lcom/android/tools/r8/s/a/p/u;)Lcom/android/tools/r8/s/b/s1; @ 23
Event: 24.553 Thread 0x000000001f2e6800 Uncommon trap: reason=bimorphic action=maybe_recompile pc=0x00000000067e4db4 method=com.android.tools.r8.s.b.s1.a(Lcom/android/tools/r8/s/a/p/u;)Lcom/android/tools/r8/s/b/s1; @ 23
Event: 24.757 Thread 0x000000001cd63800 Uncommon trap: reason=unstable_if action=reinterpret pc=0x00000000052c37e4 method=java.nio.Bits.copyFromArray(Ljava/lang/Object;JJJJ)V @ 18
Event: 25.051 Thread 0x000000001f2e6800 Uncommon trap: reason=unstable_if action=reinterpret pc=0x0000000005a69e70 method=com.android.tools.r8.graph.I0$d.c()V @ 786
Event: 25.150 Thread 0x000000001cd62000 Uncommon trap: reason=unstable_if action=reinterpret pc=0x00000000052e60e8 method=com.google.common.cache.LongAdder.add(J)V @ 46

Classes redefined (0 events):
No events

Internal exceptions (10 events):
Event: 25.364 Thread 0x000000001f2e6800 Exception <a 'sun/nio/fs/WindowsException'> (0x00000000eddf6320) thrown at [C:\src\AOSP-openjdk-git\hotspot\src\share\vm\prims\jni.cpp, line 710]
Event: 25.366 Thread 0x000000001cd62800 Exception <a 'sun/nio/fs/WindowsException'> (0x00000000ee31c750) thrown at [C:\src\AOSP-openjdk-git\hotspot\src\share\vm\prims\jni.cpp, line 710]
Event: 25.376 Thread 0x000000001cd62000 Exception <a 'sun/nio/fs/WindowsException'> (0x00000000ee938a20) thrown at [C:\src\AOSP-openjdk-git\hotspot\src\share\vm\prims\jni.cpp, line 710]
Event: 25.392 Thread 0x000000001cd61000 Exception <a 'sun/nio/fs/WindowsException'> (0x00000000efadef20) thrown at [C:\src\AOSP-openjdk-git\hotspot\src\share\vm\prims\jni.cpp, line 710]
Event: 25.404 Thread 0x000000001cd62800 Exception <a 'sun/nio/fs/WindowsException'> (0x00000000f0d5ff60) thrown at [C:\src\AOSP-openjdk-git\hotspot\src\share\vm\prims\jni.cpp, line 710]
Event: 25.426 Thread 0x000000001cd68000 Exception <a 'sun/nio/fs/WindowsException'> (0x00000000f2244ac8) thrown at [C:\src\AOSP-openjdk-git\hotspot\src\share\vm\prims\jni.cpp, line 710]
Event: 25.431 Thread 0x000000001cd61000 Exception <a 'sun/nio/fs/WindowsException'> (0x00000000f2ac1070) thrown at [C:\src\AOSP-openjdk-git\hotspot\src\share\vm\prims\jni.cpp, line 710]
Event: 25.434 Thread 0x000000001cd63800 Exception <a 'sun/nio/fs/WindowsException'> (0x00000000f2757490) thrown at [C:\src\AOSP-openjdk-git\hotspot\src\share\vm\prims\jni.cpp, line 710]
Event: 25.447 Thread 0x000000001cd63800 Exception <a 'sun/nio/fs/WindowsException'> (0x00000000f32a2b30) thrown at [C:\src\AOSP-openjdk-git\hotspot\src\share\vm\prims\jni.cpp, line 710]
Event: 25.464 Thread 0x000000001cd62000 Exception <a 'sun/nio/fs/WindowsException'> (0x00000000f3e55e18) thrown at [C:\src\AOSP-openjdk-git\hotspot\src\share\vm\prims\jni.cpp, line 710]

Events (10 events):
Event: 25.481 Thread 0x000000001cd68000 DEOPT PACKING pc=0x0000000005b5b5f0 sp=0x0000000024759e00
Event: 25.481 Thread 0x000000001cd68000 DEOPT UNPACKING pc=0x00000000033975d0 sp=0x0000000024759c48 mode 0
Event: 25.503 Thread 0x000000001cd68000 DEOPT PACKING pc=0x0000000005b5b631 sp=0x0000000024759e00
Event: 25.503 Thread 0x000000001cd68000 DEOPT UNPACKING pc=0x00000000033975d0 sp=0x0000000024759c48 mode 0
Event: 25.509 Thread 0x000000001cd68000 DEOPT PACKING pc=0x0000000005a1f182 sp=0x0000000024759e00
Event: 25.509 Thread 0x000000001cd68000 DEOPT UNPACKING pc=0x00000000033975d0 sp=0x0000000024759f48 mode 0
Event: 25.518 Thread 0x000000001cd68000 DEOPT PACKING pc=0x0000000005b5b91e sp=0x0000000024759e00
Event: 25.518 Thread 0x000000001cd68000 DEOPT UNPACKING pc=0x00000000033975d0 sp=0x0000000024759c50 mode 0
Event: 25.535 Thread 0x000000001cd68000 DEOPT PACKING pc=0x0000000005b5b615 sp=0x0000000024759e00
Event: 25.535 Thread 0x000000001cd68000 DEOPT UNPACKING pc=0x00000000033975d0 sp=0x0000000024759c48 mode 0


Dynamic libraries:
0x00007ff6a0fc0000 - 0x00007ff6a0ff1000 	C:\Program Files\Android\Android Studio\jre\bin\java.exe
0x00007ffa5ad20000 - 0x00007ffa5af10000 	C:\WINDOWS\SYSTEM32\ntdll.dll
0x00007ffa518f0000 - 0x00007ffa51903000 	C:\Program Files\AVG\Antivirus\aswhook.dll
0x00007ffa58ef0000 - 0x00007ffa58fa2000 	C:\WINDOWS\System32\KERNEL32.DLL
0x00007ffa58440000 - 0x00007ffa586e5000 	C:\WINDOWS\System32\KERNELBASE.dll
0x00007ffa5a8c0000 - 0x00007ffa5a963000 	C:\WINDOWS\System32\ADVAPI32.dll
0x00007ffa5a6c0000 - 0x00007ffa5a75e000 	C:\WINDOWS\System32\msvcrt.dll
0x00007ffa5a440000 - 0x00007ffa5a4d7000 	C:\WINDOWS\System32\sechost.dll
0x00007ffa58dd0000 - 0x00007ffa58eef000 	C:\WINDOWS\System32\RPCRT4.dll
0x00007ffa5a150000 - 0x00007ffa5a2e4000 	C:\WINDOWS\System32\USER32.dll
0x00007ffa58410000 - 0x00007ffa58431000 	C:\WINDOWS\System32\win32u.dll
0x00007ffa5a760000 - 0x00007ffa5a786000 	C:\WINDOWS\System32\GDI32.dll
0x00007ffa58b30000 - 0x00007ffa58cc8000 	C:\WINDOWS\System32\gdi32full.dll
0x00007ffa58930000 - 0x00007ffa589ce000 	C:\WINDOWS\System32\msvcp_win.dll
0x00007ffa589d0000 - 0x00007ffa58aca000 	C:\WINDOWS\System32\ucrtbase.dll
0x00007ffa34860000 - 0x00007ffa34ae4000 	C:\WINDOWS\WinSxS\amd64_microsoft.windows.common-controls_6595b64144ccf1df_6.0.18362.1621_none_9e7ba815e46075fc\COMCTL32.dll
0x00007ffa5a970000 - 0x00007ffa5aca6000 	C:\WINDOWS\System32\combase.dll
0x00007ffa58cf0000 - 0x00007ffa58d74000 	C:\WINDOWS\System32\bcryptPrimitives.dll
0x00007ffa5acb0000 - 0x00007ffa5acde000 	C:\WINDOWS\System32\IMM32.DLL
0x00000000561b0000 - 0x0000000056282000 	C:\Program Files\Android\Android Studio\jre\jre\bin\msvcr100.dll
0x0000000056d00000 - 0x000000005754b000 	C:\Program Files\Android\Android Studio\jre\jre\bin\server\jvm.dll
0x00007ffa5a4e0000 - 0x00007ffa5a4e8000 	C:\WINDOWS\System32\PSAPI.DLL
0x00007ffa4c7d0000 - 0x00007ffa4c7f4000 	C:\WINDOWS\SYSTEM32\WINMM.dll
0x00007ffa54410000 - 0x00007ffa5441a000 	C:\WINDOWS\SYSTEM32\VERSION.dll
0x00007ffa501d0000 - 0x00007ffa501d9000 	C:\WINDOWS\SYSTEM32\WSOCK32.dll
0x00007ffa5a3d0000 - 0x00007ffa5a43f000 	C:\WINDOWS\System32\WS2_32.dll
0x00007ffa4c7a0000 - 0x00007ffa4c7cd000 	C:\WINDOWS\SYSTEM32\winmmbase.dll
0x00007ffa58d80000 - 0x00007ffa58dca000 	C:\WINDOWS\System32\cfgmgr32.dll
0x00007ffa4c940000 - 0x00007ffa4c94f000 	C:\Program Files\Android\Android Studio\jre\jre\bin\verify.dll
0x00007ffa33650000 - 0x00007ffa33679000 	C:\Program Files\Android\Android Studio\jre\jre\bin\java.dll
0x00007ffa3c010000 - 0x00007ffa3c026000 	C:\Program Files\Android\Android Studio\jre\jre\bin\zip.dll
0x00007ffa59a60000 - 0x00007ffa5a147000 	C:\WINDOWS\System32\SHELL32.dll
0x00007ffa5a590000 - 0x00007ffa5a639000 	C:\WINDOWS\System32\shcore.dll
0x00007ffa57c90000 - 0x00007ffa5840b000 	C:\WINDOWS\System32\windows.storage.dll
0x00007ffa57c00000 - 0x00007ffa57c1e000 	C:\WINDOWS\System32\profapi.dll
0x00007ffa57c40000 - 0x00007ffa57c8a000 	C:\WINDOWS\System32\powrprof.dll
0x00007ffa57bd0000 - 0x00007ffa57be0000 	C:\WINDOWS\System32\UMPDC.dll
0x00007ffa5a790000 - 0x00007ffa5a7e2000 	C:\WINDOWS\System32\shlwapi.dll
0x00007ffa57be0000 - 0x00007ffa57bf1000 	C:\WINDOWS\System32\kernel.appcore.dll
0x00007ffa58cd0000 - 0x00007ffa58ce7000 	C:\WINDOWS\System32\cryptsp.dll
0x00007ffa36d60000 - 0x00007ffa36d7a000 	C:\Program Files\Android\Android Studio\jre\jre\bin\net.dll
0x00007ffa573b0000 - 0x00007ffa57417000 	C:\WINDOWS\system32\mswsock.dll
0x00007ffa36820000 - 0x00007ffa36833000 	C:\Program Files\Android\Android Studio\jre\jre\bin\nio.dll
0x00007ffa49c10000 - 0x00007ffa49c37000 	C:\Users\user\.gradle\native\f6784746aeab05261644944871eae4fe03e0ef1612fff0a4a95f87b438bc6780\windows-amd64\native-platform.dll
0x00007ffa4c840000 - 0x00007ffa4c84d000 	C:\Program Files\Android\Android Studio\jre\jre\bin\management.dll
0x00007ffa56f30000 - 0x00007ffa56f63000 	C:\WINDOWS\system32\rsaenh.dll
0x00007ffa58900000 - 0x00007ffa58926000 	C:\WINDOWS\System32\bcrypt.dll
0x00007ffa57ac0000 - 0x00007ffa57ae5000 	C:\WINDOWS\SYSTEM32\USERENV.dll
0x00007ffa57580000 - 0x00007ffa5758c000 	C:\WINDOWS\SYSTEM32\CRYPTBASE.dll
0x00007ffa570c0000 - 0x00007ffa570fa000 	C:\WINDOWS\SYSTEM32\IPHLPAPI.DLL
0x00007ffa59700000 - 0x00007ffa59708000 	C:\WINDOWS\System32\NSI.dll
0x00007ffa52660000 - 0x00007ffa52676000 	C:\WINDOWS\SYSTEM32\dhcpcsvc6.DLL
0x00007ffa52d30000 - 0x00007ffa52d4c000 	C:\WINDOWS\SYSTEM32\dhcpcsvc.DLL
0x00007ffa57100000 - 0x00007ffa571ca000 	C:\WINDOWS\SYSTEM32\DNSAPI.dll
0x00007ffa53320000 - 0x00007ffa5332b000 	C:\WINDOWS\SYSTEM32\WINNSI.DLL
0x00007ffa317a0000 - 0x00007ffa317c4000 	C:\Program Files\Android\Android Studio\jre\jre\bin\sunec.dll
0x00007ffa50c10000 - 0x00007ffa50c1a000 	C:\Windows\System32\rasadhlp.dll
0x00007ffa523c0000 - 0x00007ffa52437000 	C:\WINDOWS\System32\fwpuclnt.dll
0x00007ffa4c550000 - 0x00007ffa4c55b000 	C:\Program Files\Android\Android Studio\jre\jre\bin\sunmscapi.dll
0x00007ffa586f0000 - 0x00007ffa58841000 	C:\WINDOWS\System32\CRYPT32.dll
0x00007ffa57c20000 - 0x00007ffa57c32000 	C:\WINDOWS\System32\MSASN1.dll
0x00007ff9f60a0000 - 0x00007ff9f623c000 	C:\Program Files\Android\Android Studio\jre\jre\bin\awt.dll
0x00007ffa5a2f0000 - 0x00007ffa5a3b5000 	C:\WINDOWS\System32\OLEAUT32.dll
0x00007ffa56440000 - 0x00007ffa5646d000 	C:\WINDOWS\SYSTEM32\dwmapi.dll
0x00007ffa54a30000 - 0x00007ffa54ff0000 	C:\WINDOWS\SYSTEM32\d2d1.dll
0x00007ffa55e40000 - 0x00007ffa55ecf000 	C:\WINDOWS\SYSTEM32\apphelp.dll
0x00007ffa55f10000 - 0x00007ffa55fa9000 	C:\WINDOWS\system32\uxtheme.dll

VM Arguments:
jvm_args: -Xmx2048m -Dfile.encoding=UTF-8 -Duser.country=IL -Duser.language=iw -Duser.variant 
java_command: org.gradle.launcher.daemon.bootstrap.GradleDaemon 6.5
java_class_path (initial): C:\Users\user\.gradle\wrapper\dists\gradle-6.5-bin\6nifqtx7604sqp1q6g8wikw7p\gradle-6.5\lib\gradle-launcher-6.5.jar
Launcher Type: SUN_STANDARD

Environment Variables:
PATH=C:\WINDOWS\system32;C:\WINDOWS;C:\WINDOWS\System32\Wbem;C:\WINDOWS\System32\WindowsPowerShell\v1.0\;C:\WINDOWS\System32\OpenSSH\;C:\Program Files\MySQL\MySQL Shell 8.0\bin\;C:\Users\user\AppData\Local\Microsoft\WindowsApps;
USERNAME=user
OS=Windows_NT
PROCESSOR_IDENTIFIER=Intel64 Family 6 Model 158 Stepping 10, GenuineIntel



---------------  S Y S T E M  ---------------

OS: Windows 10.0 , 64 bit Build 18362 (10.0.18362.1500)

CPU:total 6 (initial active 6) (6 cores per cpu, 1 threads per core) family 6 model 158 stepping 10, cmov, cx8, fxsr, mmx, sse, sse2, sse3, ssse3, sse4.1, sse4.2, popcnt, avx, avx2, aes, clmul, erms, rtm, 3dnowpref, lzcnt, tsc, tscinvbit, bmi1, bmi2, adx

Memory: 4k page, physical 16695684k(1677420k free), swap 20889988k(128k free)

vm_info: OpenJDK 64-Bit Server VM (25.242-b01) for windows-amd64 JRE (1.8.0_242-release-1644-b01), built by "builder" with MS VC++ 10.0 (VS2010)

time: Sun Jun 20 15:49:52 2021
timezone: שעון קיץ ירושלים
elapsed time: 25 seconds (0d 0h 0m 25s)

